{"D:\\dibimbing\\mini-project\\mini-project2\\src\\components\\navbar\\index.jsx": {"path":"D:\\dibimbing\\mini-project\\mini-project2\\src\\components\\navbar\\index.jsx","statementMap":{"0":{"start":{"line":5,"column":15},"end":{"line":45,"column":1}},"1":{"start":{"line":6,"column":4},"end":{"line":6,"column":30}},"2":{"start":{"line":7,"column":18},"end":{"line":7,"column":53}},"3":{"start":{"line":8,"column":21},"end":{"line":8,"column":50}},"4":{"start":{"line":9,"column":21},"end":{"line":9,"column":34}},"5":{"start":{"line":10,"column":21},"end":{"line":10,"column":34}},"6":{"start":{"line":12,"column":21},"end":{"line":12,"column":76}},"7":{"start":{"line":14,"column":25},"end":{"line":17,"column":5}},"8":{"start":{"line":15,"column":8},"end":{"line":15,"column":29}},"9":{"start":{"line":16,"column":8},"end":{"line":16,"column":22}},"10":{"start":{"line":19,"column":24},"end":{"line":21,"column":5}},"11":{"start":{"line":20,"column":8},"end":{"line":20,"column":27}},"12":{"start":{"line":24,"column":4},"end":{"line":44,"column":5}}},"fnMap":{"0":{"name":"(anonymous_0)","decl":{"start":{"line":5,"column":15},"end":{"line":5,"column":16}},"loc":{"start":{"line":5,"column":21},"end":{"line":45,"column":1}},"line":5},"1":{"name":"(anonymous_1)","decl":{"start":{"line":14,"column":25},"end":{"line":14,"column":26}},"loc":{"start":{"line":14,"column":31},"end":{"line":17,"column":5}},"line":14},"2":{"name":"(anonymous_2)","decl":{"start":{"line":19,"column":24},"end":{"line":19,"column":25}},"loc":{"start":{"line":19,"column":30},"end":{"line":21,"column":5}},"line":19}},"branchMap":{"0":{"loc":{"start":{"line":12,"column":21},"end":{"line":12,"column":76}},"type":"cond-expr","locations":[{"start":{"line":12,"column":49},"end":{"line":12,"column":63}},{"start":{"line":12,"column":66},"end":{"line":12,"column":76}}],"line":12},"1":{"loc":{"start":{"line":40,"column":17},"end":{"line":40,"column":135}},"type":"cond-expr","locations":[{"start":{"line":40,"column":28},"end":{"line":40,"column":125}},{"start":{"line":40,"column":128},"end":{"line":40,"column":135}}],"line":40},"2":{"loc":{"start":{"line":41,"column":17},"end":{"line":41,"column":280}},"type":"cond-expr","locations":[{"start":{"line":41,"column":25},"end":{"line":41,"column":152}},{"start":{"line":41,"column":155},"end":{"line":41,"column":280}}],"line":41}},"s":{"0":1,"1":7,"2":7,"3":7,"4":7,"5":7,"6":7,"7":7,"8":1,"9":1,"10":7,"11":1,"12":7},"f":{"0":7,"1":1,"2":1},"b":{"0":[6,1],"1":[1,6],"2":[2,5]},"_coverageSchema":"1a1c01bbd47fc00a2c39e90264f33305004495a9","hash":"ca661030771afe2e5bac541a7e056391a9344c92"}
}
